
=== 2026-04-20T17:13:32Z run-and-sync.sh bb_forex ===
+ /Users/adnanrashid/Projects/clauding-lab/econdelta/.venv/bin/python -m scrapers.bb_forex
2026-04-20 23:13:33,173 INFO bb_forex: Fetching exchange rates from https://www.bb.org.bd/en/index.php/econdata/exchangerate
2026-04-20 23:14:04,172 WARNING bb_forex: networkidle timed out for https://www.bb.org.bd/en/index.php/econdata/exchangerate — retrying with domcontentloaded
2026-04-20 23:14:09,530 ERROR bb_forex: fetch/parse failed
Traceback (most recent call last):
  File "/Users/adnanrashid/Projects/clauding-lab/econdelta/scrapers/bb_forex.py", line 328, in main
    rates = parse_exchange_rates(rates_html)
  File "/Users/adnanrashid/Projects/clauding-lab/econdelta/scrapers/bb_forex.py", line 83, in parse_exchange_rates
    raise ParseError(
        f"expected 2+ tables in section.content, got {len(tables)}"
    )
ParseError: expected 2+ tables in section.content, got 0
scraper exit code: 1
ERROR: scraper failed (exit 1); Discord alert fired by scraper

=== 2026-04-20T17:20:57Z run-and-sync.sh bb_forex ===
+ /Users/adnanrashid/Projects/clauding-lab/econdelta/.venv/bin/python -m scrapers.bb_forex
2026-04-20 23:20:57,465 INFO bb_forex: Fetching exchange rates from https://www.bb.org.bd/en/index.php/econdata/exchangerate
2026-04-20 23:21:10,079 INFO bb_forex: Fetching reserves from https://www.bb.org.bd/en/index.php/econdata/intreserve
2026-04-20 23:21:24,070 INFO bb_forex: wrote /Users/adnanrashid/Projects/clauding-lab/econdelta/data/bb_forex/2026-04-20.json
scraper exit code: 0
+ rsync /Users/adnanrashid/Projects/clauding-lab/econdelta/data/bb_forex/ -> adnan@135.181.43.68:econdelta/data/bb_forex/
rsync exit code: 0
+ ssh remote aggregator trigger
